<?xml version="1.0" encoding="UTF-8"?>
<testsuite xmlns:xsi="http://www.w3.org/2001/XMLSchema-instance" xsi:noNamespaceSchemaLocation="https://maven.apache.org/surefire/maven-surefire-plugin/xsd/surefire-test-report-3.0.xsd" version="3.0" name="noPCommerce.Nop.AppTest" time="0.616" tests="1" errors="0" skipped="0" failures="0">
  <properties>
    <property name="awt.toolkit" value="sun.lwawt.macosx.LWCToolkit"/>
    <property name="java.specification.version" value="12"/>
    <property name="sun.jnu.encoding" value="UTF-8"/>
    <property name="java.class.path" value="/Users/sundeeppamulapati/Documents/Eclipse-Auto/Nop/target/test-classes:/Users/sundeeppamulapati/Documents/Eclipse-Auto/Nop/target/classes:/Users/sundeeppamulapati/.m2/repository/junit/junit/3.8.1/junit-3.8.1.jar:/Users/sundeeppamulapati/.m2/repository/info/cukes/cucumber-java/1.2.5/cucumber-java-1.2.5.jar:/Users/sundeeppamulapati/.m2/repository/info/cukes/cucumber-core/1.2.5/cucumber-core-1.2.5.jar:/Users/sundeeppamulapati/.m2/repository/info/cukes/cucumber-html/0.2.3/cucumber-html-0.2.3.jar:/Users/sundeeppamulapati/.m2/repository/info/cukes/cucumber-jvm-deps/1.0.5/cucumber-jvm-deps-1.0.5.jar:/Users/sundeeppamulapati/.m2/repository/info/cukes/gherkin/2.12.2/gherkin-2.12.2.jar:/Users/sundeeppamulapati/.m2/repository/info/cukes/cucumber-junit/1.2.5/cucumber-junit-1.2.5.jar:/Users/sundeeppamulapati/.m2/repository/com/aventstack/extentreports/3.1.5/extentreports-3.1.5.jar:/Users/sundeeppamulapati/.m2/repository/org/freemarker/freemarker/2.3.23/freemarker-2.3.23.jar:/Users/sundeeppamulapati/.m2/repository/org/mongodb/mongodb-driver/3.3.0/mongodb-driver-3.3.0.jar:/Users/sundeeppamulapati/.m2/repository/org/mongodb/bson/3.3.0/bson-3.3.0.jar:/Users/sundeeppamulapati/.m2/repository/org/mongodb/mongodb-driver-core/3.3.0/mongodb-driver-core-3.3.0.jar:/Users/sundeeppamulapati/.m2/repository/org/apache/httpcomponents/httpclient/4.5.2/httpclient-4.5.2.jar:/Users/sundeeppamulapati/.m2/repository/org/apache/httpcomponents/httpcore/4.4.4/httpcore-4.4.4.jar:/Users/sundeeppamulapati/.m2/repository/commons-logging/commons-logging/1.2/commons-logging-1.2.jar:/Users/sundeeppamulapati/.m2/repository/commons-codec/commons-codec/1.9/commons-codec-1.9.jar:/Users/sundeeppamulapati/.m2/repository/org/apache/httpcomponents/httpmime/4.5.2/httpmime-4.5.2.jar:/Users/sundeeppamulapati/.m2/repository/org/jsoup/jsoup/1.9.2/jsoup-1.9.2.jar:/Users/sundeeppamulapati/.m2/repository/com/google/code/gson/gson/2.8.0/gson-2.8.0.jar:/Users/sundeeppamulapati/.m2/repository/com/relevantcodes/extentreports/2.41.2/extentreports-2.41.2.jar:/Users/sundeeppamulapati/.m2/repository/org/xerial/sqlite-jdbc/3.8.11.1/sqlite-jdbc-3.8.11.1.jar:/Users/sundeeppamulapati/.m2/repository/org/apache/maven/plugins/maven-compiler-plugin/3.8.1/maven-compiler-plugin-3.8.1.jar:/Users/sundeeppamulapati/.m2/repository/org/apache/maven/maven-plugin-api/3.0/maven-plugin-api-3.0.jar:/Users/sundeeppamulapati/.m2/repository/org/apache/maven/maven-model/3.0/maven-model-3.0.jar:/Users/sundeeppamulapati/.m2/repository/org/sonatype/sisu/sisu-inject-plexus/1.4.2/sisu-inject-plexus-1.4.2.jar:/Users/sundeeppamulapati/.m2/repository/org/sonatype/sisu/sisu-inject-bean/1.4.2/sisu-inject-bean-1.4.2.jar:/Users/sundeeppamulapati/.m2/repository/org/sonatype/sisu/sisu-guice/2.1.7/sisu-guice-2.1.7-noaop.jar:/Users/sundeeppamulapati/.m2/repository/org/apache/maven/maven-artifact/3.0/maven-artifact-3.0.jar:/Users/sundeeppamulapati/.m2/repository/org/codehaus/plexus/plexus-utils/2.0.4/plexus-utils-2.0.4.jar:/Users/sundeeppamulapati/.m2/repository/org/apache/maven/maven-core/3.0/maven-core-3.0.jar:/Users/sundeeppamulapati/.m2/repository/org/apache/maven/maven-settings/3.0/maven-settings-3.0.jar:/Users/sundeeppamulapati/.m2/repository/org/apache/maven/maven-settings-builder/3.0/maven-settings-builder-3.0.jar:/Users/sundeeppamulapati/.m2/repository/org/apache/maven/maven-repository-metadata/3.0/maven-repository-metadata-3.0.jar:/Users/sundeeppamulapati/.m2/repository/org/apache/maven/maven-model-builder/3.0/maven-model-builder-3.0.jar:/Users/sundeeppamulapati/.m2/repository/org/apache/maven/maven-aether-provider/3.0/maven-aether-provider-3.0.jar:/Users/sundeeppamulapati/.m2/repository/org/sonatype/aether/aether-impl/1.7/aether-impl-1.7.jar:/Users/sundeeppamulapati/.m2/repository/org/sonatype/aether/aether-spi/1.7/aether-spi-1.7.jar:/Users/sundeeppamulapati/.m2/repository/org/sonatype/aether/aether-api/1.7/aether-api-1.7.jar:/Users/sundeeppamulapati/.m2/repository/org/sonatype/aether/aether-util/1.7/aether-util-1.7.jar:/Users/sundeeppamulapati/.m2/repository/org/codehaus/plexus/plexus-interpolation/1.14/plexus-interpolation-1.14.jar:/Users/sundeeppamulapati/.m2/repository/org/codehaus/plexus/plexus-classworlds/2.2.3/plexus-classworlds-2.2.3.jar:/Users/sundeeppamulapati/.m2/repository/org/codehaus/plexus/plexus-component-annotations/1.5.5/plexus-component-annotations-1.5.5.jar:/Users/sundeeppamulapati/.m2/repository/org/sonatype/plexus/plexus-sec-dispatcher/1.3/plexus-sec-dispatcher-1.3.jar:/Users/sundeeppamulapati/.m2/repository/org/sonatype/plexus/plexus-cipher/1.4/plexus-cipher-1.4.jar:/Users/sundeeppamulapati/.m2/repository/org/apache/maven/shared/maven-shared-utils/3.2.1/maven-shared-utils-3.2.1.jar:/Users/sundeeppamulapati/.m2/repository/commons-io/commons-io/2.5/commons-io-2.5.jar:/Users/sundeeppamulapati/.m2/repository/org/apache/maven/shared/maven-shared-incremental/1.1/maven-shared-incremental-1.1.jar:/Users/sundeeppamulapati/.m2/repository/org/codehaus/plexus/plexus-java/0.9.10/plexus-java-0.9.10.jar:/Users/sundeeppamulapati/.m2/repository/org/ow2/asm/asm/6.2/asm-6.2.jar:/Users/sundeeppamulapati/.m2/repository/com/thoughtworks/qdox/qdox/2.0-M8/qdox-2.0-M8.jar:/Users/sundeeppamulapati/.m2/repository/org/codehaus/plexus/plexus-compiler-api/2.8.4/plexus-compiler-api-2.8.4.jar:/Users/sundeeppamulapati/.m2/repository/org/codehaus/plexus/plexus-compiler-manager/2.8.4/plexus-compiler-manager-2.8.4.jar:/Users/sundeeppamulapati/.m2/repository/org/codehaus/plexus/plexus-compiler-javac/2.8.4/plexus-compiler-javac-2.8.4.jar:/Users/sundeeppamulapati/.m2/repository/org/seleniumhq/selenium/selenium-java/3.141.59/selenium-java-3.141.59.jar:/Users/sundeeppamulapati/.m2/repository/org/seleniumhq/selenium/selenium-api/3.141.59/selenium-api-3.141.59.jar:/Users/sundeeppamulapati/.m2/repository/org/seleniumhq/selenium/selenium-chrome-driver/3.141.59/selenium-chrome-driver-3.141.59.jar:/Users/sundeeppamulapati/.m2/repository/org/seleniumhq/selenium/selenium-edge-driver/3.141.59/selenium-edge-driver-3.141.59.jar:/Users/sundeeppamulapati/.m2/repository/org/seleniumhq/selenium/selenium-firefox-driver/3.141.59/selenium-firefox-driver-3.141.59.jar:/Users/sundeeppamulapati/.m2/repository/org/seleniumhq/selenium/selenium-ie-driver/3.141.59/selenium-ie-driver-3.141.59.jar:/Users/sundeeppamulapati/.m2/repository/org/seleniumhq/selenium/selenium-opera-driver/3.141.59/selenium-opera-driver-3.141.59.jar:/Users/sundeeppamulapati/.m2/repository/org/seleniumhq/selenium/selenium-remote-driver/3.141.59/selenium-remote-driver-3.141.59.jar:/Users/sundeeppamulapati/.m2/repository/org/seleniumhq/selenium/selenium-safari-driver/3.141.59/selenium-safari-driver-3.141.59.jar:/Users/sundeeppamulapati/.m2/repository/org/seleniumhq/selenium/selenium-support/3.141.59/selenium-support-3.141.59.jar:/Users/sundeeppamulapati/.m2/repository/net/bytebuddy/byte-buddy/1.8.15/byte-buddy-1.8.15.jar:/Users/sundeeppamulapati/.m2/repository/org/apache/commons/commons-exec/1.3/commons-exec-1.3.jar:/Users/sundeeppamulapati/.m2/repository/com/google/guava/guava/25.0-jre/guava-25.0-jre.jar:/Users/sundeeppamulapati/.m2/repository/com/google/code/findbugs/jsr305/1.3.9/jsr305-1.3.9.jar:/Users/sundeeppamulapati/.m2/repository/org/checkerframework/checker-compat-qual/2.0.0/checker-compat-qual-2.0.0.jar:/Users/sundeeppamulapati/.m2/repository/com/google/errorprone/error_prone_annotations/2.1.3/error_prone_annotations-2.1.3.jar:/Users/sundeeppamulapati/.m2/repository/com/google/j2objc/j2objc-annotations/1.1/j2objc-annotations-1.1.jar:/Users/sundeeppamulapati/.m2/repository/org/codehaus/mojo/animal-sniffer-annotations/1.14/animal-sniffer-annotations-1.14.jar:/Users/sundeeppamulapati/.m2/repository/com/squareup/okhttp3/okhttp/3.11.0/okhttp-3.11.0.jar:/Users/sundeeppamulapati/.m2/repository/com/squareup/okio/okio/1.14.0/okio-1.14.0.jar:/Users/sundeeppamulapati/.m2/repository/org/testng/testng/6.8/testng-6.8.jar:/Users/sundeeppamulapati/.m2/repository/org/beanshell/bsh/2.0b4/bsh-2.0b4.jar:/Users/sundeeppamulapati/.m2/repository/com/beust/jcommander/1.27/jcommander-1.27.jar:/Users/sundeeppamulapati/.m2/repository/org/yaml/snakeyaml/1.6/snakeyaml-1.6.jar:"/>
    <property name="java.vm.vendor" value="Oracle Corporation"/>
    <property name="sun.arch.data.model" value="64"/>
    <property name="java.vendor.url" value="https://java.oracle.com/"/>
    <property name="user.timezone" value="Europe/London"/>
    <property name="os.name" value="Mac OS X"/>
    <property name="java.vm.specification.version" value="12"/>
    <property name="sun.java.launcher" value="SUN_STANDARD"/>
    <property name="user.country" value="GB"/>
    <property name="sun.boot.library.path" value="/Library/Java/JavaVirtualMachines/jdk-12.0.2.jdk/Contents/Home/lib"/>
    <property name="sun.java.command" value="/Users/sundeeppamulapati/Documents/Eclipse-Auto/Nop/target/surefire/surefirebooter5874874601952476519.jar /Users/sundeeppamulapati/Documents/Eclipse-Auto/Nop/target/surefire 2019-11-25T10-15-17_597-jvmRun1 surefire2718736202531410553tmp surefire_05852050352789457160tmp"/>
    <property name="http.nonProxyHosts" value="local|*.local|169.254/16|*.169.254/16"/>
    <property name="jdk.debug" value="release"/>
    <property name="surefire.test.class.path" value="/Users/sundeeppamulapati/Documents/Eclipse-Auto/Nop/target/test-classes:/Users/sundeeppamulapati/Documents/Eclipse-Auto/Nop/target/classes:/Users/sundeeppamulapati/.m2/repository/junit/junit/3.8.1/junit-3.8.1.jar:/Users/sundeeppamulapati/.m2/repository/info/cukes/cucumber-java/1.2.5/cucumber-java-1.2.5.jar:/Users/sundeeppamulapati/.m2/repository/info/cukes/cucumber-core/1.2.5/cucumber-core-1.2.5.jar:/Users/sundeeppamulapati/.m2/repository/info/cukes/cucumber-html/0.2.3/cucumber-html-0.2.3.jar:/Users/sundeeppamulapati/.m2/repository/info/cukes/cucumber-jvm-deps/1.0.5/cucumber-jvm-deps-1.0.5.jar:/Users/sundeeppamulapati/.m2/repository/info/cukes/gherkin/2.12.2/gherkin-2.12.2.jar:/Users/sundeeppamulapati/.m2/repository/info/cukes/cucumber-junit/1.2.5/cucumber-junit-1.2.5.jar:/Users/sundeeppamulapati/.m2/repository/com/aventstack/extentreports/3.1.5/extentreports-3.1.5.jar:/Users/sundeeppamulapati/.m2/repository/org/freemarker/freemarker/2.3.23/freemarker-2.3.23.jar:/Users/sundeeppamulapati/.m2/repository/org/mongodb/mongodb-driver/3.3.0/mongodb-driver-3.3.0.jar:/Users/sundeeppamulapati/.m2/repository/org/mongodb/bson/3.3.0/bson-3.3.0.jar:/Users/sundeeppamulapati/.m2/repository/org/mongodb/mongodb-driver-core/3.3.0/mongodb-driver-core-3.3.0.jar:/Users/sundeeppamulapati/.m2/repository/org/apache/httpcomponents/httpclient/4.5.2/httpclient-4.5.2.jar:/Users/sundeeppamulapati/.m2/repository/org/apache/httpcomponents/httpcore/4.4.4/httpcore-4.4.4.jar:/Users/sundeeppamulapati/.m2/repository/commons-logging/commons-logging/1.2/commons-logging-1.2.jar:/Users/sundeeppamulapati/.m2/repository/commons-codec/commons-codec/1.9/commons-codec-1.9.jar:/Users/sundeeppamulapati/.m2/repository/org/apache/httpcomponents/httpmime/4.5.2/httpmime-4.5.2.jar:/Users/sundeeppamulapati/.m2/repository/org/jsoup/jsoup/1.9.2/jsoup-1.9.2.jar:/Users/sundeeppamulapati/.m2/repository/com/google/code/gson/gson/2.8.0/gson-2.8.0.jar:/Users/sundeeppamulapati/.m2/repository/com/relevantcodes/extentreports/2.41.2/extentreports-2.41.2.jar:/Users/sundeeppamulapati/.m2/repository/org/xerial/sqlite-jdbc/3.8.11.1/sqlite-jdbc-3.8.11.1.jar:/Users/sundeeppamulapati/.m2/repository/org/apache/maven/plugins/maven-compiler-plugin/3.8.1/maven-compiler-plugin-3.8.1.jar:/Users/sundeeppamulapati/.m2/repository/org/apache/maven/maven-plugin-api/3.0/maven-plugin-api-3.0.jar:/Users/sundeeppamulapati/.m2/repository/org/apache/maven/maven-model/3.0/maven-model-3.0.jar:/Users/sundeeppamulapati/.m2/repository/org/sonatype/sisu/sisu-inject-plexus/1.4.2/sisu-inject-plexus-1.4.2.jar:/Users/sundeeppamulapati/.m2/repository/org/sonatype/sisu/sisu-inject-bean/1.4.2/sisu-inject-bean-1.4.2.jar:/Users/sundeeppamulapati/.m2/repository/org/sonatype/sisu/sisu-guice/2.1.7/sisu-guice-2.1.7-noaop.jar:/Users/sundeeppamulapati/.m2/repository/org/apache/maven/maven-artifact/3.0/maven-artifact-3.0.jar:/Users/sundeeppamulapati/.m2/repository/org/codehaus/plexus/plexus-utils/2.0.4/plexus-utils-2.0.4.jar:/Users/sundeeppamulapati/.m2/repository/org/apache/maven/maven-core/3.0/maven-core-3.0.jar:/Users/sundeeppamulapati/.m2/repository/org/apache/maven/maven-settings/3.0/maven-settings-3.0.jar:/Users/sundeeppamulapati/.m2/repository/org/apache/maven/maven-settings-builder/3.0/maven-settings-builder-3.0.jar:/Users/sundeeppamulapati/.m2/repository/org/apache/maven/maven-repository-metadata/3.0/maven-repository-metadata-3.0.jar:/Users/sundeeppamulapati/.m2/repository/org/apache/maven/maven-model-builder/3.0/maven-model-builder-3.0.jar:/Users/sundeeppamulapati/.m2/repository/org/apache/maven/maven-aether-provider/3.0/maven-aether-provider-3.0.jar:/Users/sundeeppamulapati/.m2/repository/org/sonatype/aether/aether-impl/1.7/aether-impl-1.7.jar:/Users/sundeeppamulapati/.m2/repository/org/sonatype/aether/aether-spi/1.7/aether-spi-1.7.jar:/Users/sundeeppamulapati/.m2/repository/org/sonatype/aether/aether-api/1.7/aether-api-1.7.jar:/Users/sundeeppamulapati/.m2/repository/org/sonatype/aether/aether-util/1.7/aether-util-1.7.jar:/Users/sundeeppamulapati/.m2/repository/org/codehaus/plexus/plexus-interpolation/1.14/plexus-interpolation-1.14.jar:/Users/sundeeppamulapati/.m2/repository/org/codehaus/plexus/plexus-classworlds/2.2.3/plexus-classworlds-2.2.3.jar:/Users/sundeeppamulapati/.m2/repository/org/codehaus/plexus/plexus-component-annotations/1.5.5/plexus-component-annotations-1.5.5.jar:/Users/sundeeppamulapati/.m2/repository/org/sonatype/plexus/plexus-sec-dispatcher/1.3/plexus-sec-dispatcher-1.3.jar:/Users/sundeeppamulapati/.m2/repository/org/sonatype/plexus/plexus-cipher/1.4/plexus-cipher-1.4.jar:/Users/sundeeppamulapati/.m2/repository/org/apache/maven/shared/maven-shared-utils/3.2.1/maven-shared-utils-3.2.1.jar:/Users/sundeeppamulapati/.m2/repository/commons-io/commons-io/2.5/commons-io-2.5.jar:/Users/sundeeppamulapati/.m2/repository/org/apache/maven/shared/maven-shared-incremental/1.1/maven-shared-incremental-1.1.jar:/Users/sundeeppamulapati/.m2/repository/org/codehaus/plexus/plexus-java/0.9.10/plexus-java-0.9.10.jar:/Users/sundeeppamulapati/.m2/repository/org/ow2/asm/asm/6.2/asm-6.2.jar:/Users/sundeeppamulapati/.m2/repository/com/thoughtworks/qdox/qdox/2.0-M8/qdox-2.0-M8.jar:/Users/sundeeppamulapati/.m2/repository/org/codehaus/plexus/plexus-compiler-api/2.8.4/plexus-compiler-api-2.8.4.jar:/Users/sundeeppamulapati/.m2/repository/org/codehaus/plexus/plexus-compiler-manager/2.8.4/plexus-compiler-manager-2.8.4.jar:/Users/sundeeppamulapati/.m2/repository/org/codehaus/plexus/plexus-compiler-javac/2.8.4/plexus-compiler-javac-2.8.4.jar:/Users/sundeeppamulapati/.m2/repository/org/seleniumhq/selenium/selenium-java/3.141.59/selenium-java-3.141.59.jar:/Users/sundeeppamulapati/.m2/repository/org/seleniumhq/selenium/selenium-api/3.141.59/selenium-api-3.141.59.jar:/Users/sundeeppamulapati/.m2/repository/org/seleniumhq/selenium/selenium-chrome-driver/3.141.59/selenium-chrome-driver-3.141.59.jar:/Users/sundeeppamulapati/.m2/repository/org/seleniumhq/selenium/selenium-edge-driver/3.141.59/selenium-edge-driver-3.141.59.jar:/Users/sundeeppamulapati/.m2/repository/org/seleniumhq/selenium/selenium-firefox-driver/3.141.59/selenium-firefox-driver-3.141.59.jar:/Users/sundeeppamulapati/.m2/repository/org/seleniumhq/selenium/selenium-ie-driver/3.141.59/selenium-ie-driver-3.141.59.jar:/Users/sundeeppamulapati/.m2/repository/org/seleniumhq/selenium/selenium-opera-driver/3.141.59/selenium-opera-driver-3.141.59.jar:/Users/sundeeppamulapati/.m2/repository/org/seleniumhq/selenium/selenium-remote-driver/3.141.59/selenium-remote-driver-3.141.59.jar:/Users/sundeeppamulapati/.m2/repository/org/seleniumhq/selenium/selenium-safari-driver/3.141.59/selenium-safari-driver-3.141.59.jar:/Users/sundeeppamulapati/.m2/repository/org/seleniumhq/selenium/selenium-support/3.141.59/selenium-support-3.141.59.jar:/Users/sundeeppamulapati/.m2/repository/net/bytebuddy/byte-buddy/1.8.15/byte-buddy-1.8.15.jar:/Users/sundeeppamulapati/.m2/repository/org/apache/commons/commons-exec/1.3/commons-exec-1.3.jar:/Users/sundeeppamulapati/.m2/repository/com/google/guava/guava/25.0-jre/guava-25.0-jre.jar:/Users/sundeeppamulapati/.m2/repository/com/google/code/findbugs/jsr305/1.3.9/jsr305-1.3.9.jar:/Users/sundeeppamulapati/.m2/repository/org/checkerframework/checker-compat-qual/2.0.0/checker-compat-qual-2.0.0.jar:/Users/sundeeppamulapati/.m2/repository/com/google/errorprone/error_prone_annotations/2.1.3/error_prone_annotations-2.1.3.jar:/Users/sundeeppamulapati/.m2/repository/com/google/j2objc/j2objc-annotations/1.1/j2objc-annotations-1.1.jar:/Users/sundeeppamulapati/.m2/repository/org/codehaus/mojo/animal-sniffer-annotations/1.14/animal-sniffer-annotations-1.14.jar:/Users/sundeeppamulapati/.m2/repository/com/squareup/okhttp3/okhttp/3.11.0/okhttp-3.11.0.jar:/Users/sundeeppamulapati/.m2/repository/com/squareup/okio/okio/1.14.0/okio-1.14.0.jar:/Users/sundeeppamulapati/.m2/repository/org/testng/testng/6.8/testng-6.8.jar:/Users/sundeeppamulapati/.m2/repository/org/beanshell/bsh/2.0b4/bsh-2.0b4.jar:/Users/sundeeppamulapati/.m2/repository/com/beust/jcommander/1.27/jcommander-1.27.jar:/Users/sundeeppamulapati/.m2/repository/org/yaml/snakeyaml/1.6/snakeyaml-1.6.jar:"/>
    <property name="sun.cpu.endian" value="little"/>
    <property name="user.home" value="/Users/sundeeppamulapati"/>
    <property name="user.language" value="en"/>
    <property name="java.specification.vendor" value="Oracle Corporation"/>
    <property name="java.version.date" value="2019-07-16"/>
    <property name="java.home" value="/Library/Java/JavaVirtualMachines/jdk-12.0.2.jdk/Contents/Home"/>
    <property name="file.separator" value="/"/>
    <property name="basedir" value="/Users/sundeeppamulapati/Documents/Eclipse-Auto/Nop"/>
    <property name="java.vm.compressedOopsMode" value="Zero based"/>
    <property name="line.separator" value="&#10;"/>
    <property name="java.vm.specification.vendor" value="Oracle Corporation"/>
    <property name="java.specification.name" value="Java Platform API Specification"/>
    <property name="java.awt.graphicsenv" value="sun.awt.CGraphicsEnvironment"/>
    <property name="surefire.real.class.path" value="/Users/sundeeppamulapati/Documents/Eclipse-Auto/Nop/target/surefire/surefirebooter5874874601952476519.jar"/>
    <property name="sun.management.compiler" value="HotSpot 64-Bit Tiered Compilers"/>
    <property name="ftp.nonProxyHosts" value="local|*.local|169.254/16|*.169.254/16"/>
    <property name="java.runtime.version" value="12.0.2+10"/>
    <property name="user.name" value="sundeeppamulapati"/>
    <property name="path.separator" value=":"/>
    <property name="os.version" value="10.13.6"/>
    <property name="java.runtime.name" value="Java(TM) SE Runtime Environment"/>
    <property name="file.encoding" value="UTF-8"/>
    <property name="java.vm.name" value="Java HotSpot(TM) 64-Bit Server VM"/>
    <property name="localRepository" value="/Users/sundeeppamulapati/.m2/repository"/>
    <property name="java.vendor.url.bug" value="https://bugreport.java.com/bugreport/"/>
    <property name="java.io.tmpdir" value="/var/folders/r1/jxw_cnks2s595lpgfcnnrf540000gn/T/"/>
    <property name="java.version" value="12.0.2"/>
    <property name="user.dir" value="/Users/sundeeppamulapati/Documents/Eclipse-Auto/Nop"/>
    <property name="os.arch" value="x86_64"/>
    <property name="java.vm.specification.name" value="Java Virtual Machine Specification"/>
    <property name="java.library.path" value="/Users/sundeeppamulapati/Library/Java/Extensions:/Library/Java/Extensions:/Network/Library/Java/Extensions:/System/Library/Java/Extensions:/usr/lib/java:."/>
    <property name="java.vm.info" value="mixed mode, sharing"/>
    <property name="java.vendor" value="Oracle Corporation"/>
    <property name="java.vm.version" value="12.0.2+10"/>
    <property name="sun.io.unicode.encoding" value="UnicodeBig"/>
    <property name="socksNonProxyHosts" value="local|*.local|169.254/16|*.169.254/16"/>
    <property name="java.class.version" value="56.0"/>
  </properties>
  <testcase name="testApp" classname="noPCommerce.Nop.AppTest" time="0.007"/>
</testsuite>