<?xml version="1.0" encoding="UTF-8"?>
<!-- Generated by org.testng.reporters.JUnitReportReporter -->
<testsuite hostname="SUNDEEPs-MacBook-Pro-3.local" failures="0" tests="3" name="noPCommerce.Nop.HomePage" time="1.807" errors="0" timestamp="22 Nov 2019 15:58:45 GMT">
  <testcase classname="noPCommerce.Nop.HomePage" name="logoTest" time="0.082"/>
  <testcase classname="noPCommerce.Nop.HomePage" name="validateRegister" time="1.693"/>
  <testcase classname="noPCommerce.Nop.HomePage" name="textValidate" time="0.032"/>
</testsuite> <!-- noPCommerce.Nop.HomePage -->
