<?xml version="1.0" encoding="UTF-8"?>
<!-- Generated by org.testng.reporters.JUnitReportReporter -->
<testsuite hostname="SUNDEEPs-MacBook-Pro-3.local" failures="0" tests="1" name="noPCommerce.Nop.AppTest" time="0.001" errors="0" timestamp="22 Nov 2019 15:58:45 GMT">
  <testcase classname="noPCommerce.Nop.AppTest" name="testApp" time="0.001"/>
</testsuite> <!-- noPCommerce.Nop.AppTest -->
