<?xml version="1.0" encoding="UTF-8"?>
<!-- Generated by org.testng.reporters.JUnitReportReporter -->
<testsuite hostname="SUNDEEPs-MacBook-Pro-3.local" failures="0" tests="3" name="noPCommerce.Nop.HomePageTest" time="2.223" errors="0" timestamp="25 Nov 2019 10:20:20 GMT">
  <testcase classname="noPCommerce.Nop.HomePageTest" name="logoTest" time="0.123"/>
  <testcase classname="noPCommerce.Nop.HomePageTest" name="validateRegister" time="2.071"/>
  <testcase classname="noPCommerce.Nop.HomePageTest" name="textValidate" time="0.029"/>
</testsuite> <!-- noPCommerce.Nop.HomePageTest -->
