<?xml version="1.0" encoding="UTF-8"?>
<!-- Generated by org.testng.reporters.JUnitReportReporter -->
<testsuite hostname="SUNDEEPs-MacBook-Pro-3.local" failures="0" tests="1" name="noPCommerce.Nop.AppTest" time="0.005" errors="0" timestamp="25 Nov 2019 10:20:20 GMT">
  <testcase classname="noPCommerce.Nop.AppTest" name="testApp" time="0.005"/>
</testsuite> <!-- noPCommerce.Nop.AppTest -->
